G:\STUDY\C#软件编程\OPENGL\OPENGL\DEBUG\OPENGL.PCH
G:\STUDY\C#软件编程\OPENGL\OPENGL\DEBUG\STDAFX.OBJ
G:\STUDY\C#软件编程\OPENGL\OPENGL\DEBUG\VC110.PDB
G:\STUDY\C#软件编程\OPENGL\OPENGL\DEBUG\OPENGL.OBJ
G:\STUDY\C#软件编程\OPENGL\DEBUG\OPENGL.ILK
G:\STUDY\C#软件编程\OPENGL\DEBUG\OPENGL.EXE
G:\STUDY\C#软件编程\OPENGL\DEBUG\OPENGL.PDB
G:\STUDY\C#软件编程\OPENGL\OPENGL\DEBUG\OPENGL.RES
G:\Study\c#软件编程\OpenGL\OpenGL\Debug\OpenGL.obj
G:\Study\c#软件编程\OpenGL\OpenGL\Debug\stdafx.obj
G:\Study\c#软件编程\OpenGL\OpenGL\Debug\cl.command.1.tlog
G:\Study\c#软件编程\OpenGL\OpenGL\Debug\CL.read.1.tlog
G:\Study\c#软件编程\OpenGL\OpenGL\Debug\CL.write.1.tlog
G:\Study\c#软件编程\OpenGL\OpenGL\Debug\link-cvtres.read.1.tlog
G:\Study\c#软件编程\OpenGL\OpenGL\Debug\link-cvtres.write.1.tlog
G:\Study\c#软件编程\OpenGL\OpenGL\Debug\link-rc.read.1.tlog
G:\Study\c#软件编程\OpenGL\OpenGL\Debug\link-rc.write.1.tlog
G:\Study\c#软件编程\OpenGL\OpenGL\Debug\link.8968-cvtres.read.1.tlog
G:\Study\c#软件编程\OpenGL\OpenGL\Debug\link.8968-cvtres.write.1.tlog
G:\Study\c#软件编程\OpenGL\OpenGL\Debug\link.8968-rc.read.1.tlog
G:\Study\c#软件编程\OpenGL\OpenGL\Debug\link.8968-rc.write.1.tlog
G:\Study\c#软件编程\OpenGL\OpenGL\Debug\link.8968.read.1.tlog
G:\Study\c#软件编程\OpenGL\OpenGL\Debug\link.8968.write.1.tlog
G:\Study\c#软件编程\OpenGL\OpenGL\Debug\link.command.1.tlog
G:\Study\c#软件编程\OpenGL\OpenGL\Debug\link.read.1.tlog
G:\Study\c#软件编程\OpenGL\OpenGL\Debug\link.write.1.tlog
G:\Study\c#软件编程\OpenGL\OpenGL\Debug\rc.command.1.tlog
G:\Study\c#软件编程\OpenGL\OpenGL\Debug\rc.read.1.tlog
G:\Study\c#软件编程\OpenGL\OpenGL\Debug\rc.write.1.tlog
G:\Study\c#软件编程\OpenGL\OpenGL\Debug\OpenGL.res
G:\Study\c#软件编程\OpenGL\OpenGL\Debug\OpenGL.pch
G:\Study\c#软件编程\OpenGL\OpenGL\Debug\vc110.idb
G:\Study\c#软件编程\OpenGL\OpenGL\Debug\vc110.pdb
G:\Study\c#软件编程\OpenGL\Debug\OpenGL.pdb
G:\Study\c#软件编程\OpenGL\Debug\OpenGL.exe
G:\Study\c#软件编程\OpenGL\Debug\OpenGL.ilk
